[INFO] Scanning for projects...
[INFO] Inspecting build with total of 1 modules...
[INFO] Installing Nexus Staging features:
[INFO]   ... total of 1 executions of maven-deploy-plugin replaced with nexus-staging-maven-plugin
[INFO] 
[INFO] ---------------< com.github.sumankumar01:SeleniumReport >---------------
[INFO] Building seleniumReport 1.2.4
[INFO] --------------------------------[ jar ]---------------------------------
[INFO] 
[INFO] --- maven-clean-plugin:2.5:clean (default-clean) @ SeleniumReport ---
[INFO] Deleting D:\Selenium Software\seleniumReport\target
[INFO] 
[INFO] --- maven-resources-plugin:2.6:resources (default-resources) @ SeleniumReport ---
[WARNING] Using platform encoding (Cp1252 actually) to copy filtered resources, i.e. build is platform dependent!
[INFO] Copying 0 resource
[INFO] 
[INFO] --- maven-compiler-plugin:3.5.1:compile (default-compile) @ SeleniumReport ---
[INFO] Nothing to compile - all classes are up to date
[INFO] 
[INFO] --- maven-resources-plugin:2.6:testResources (default-testResources) @ SeleniumReport ---
[WARNING] Using platform encoding (Cp1252 actually) to copy filtered resources, i.e. build is platform dependent!
[INFO] Copying 0 resource
[INFO] 
[INFO] --- maven-compiler-plugin:3.5.1:testCompile (default-testCompile) @ SeleniumReport ---
[INFO] Changes detected - recompiling the module!
[WARNING] File encoding has not been set, using platform encoding Cp1252, i.e. build is platform dependent!
[INFO] Compiling 1 source file to D:\Selenium Software\seleniumReport\target\test-classes
[INFO] 
[INFO] --- maven-surefire-plugin:2.12.4:test (default-test) @ SeleniumReport ---
[INFO] 
[INFO] --- maven-jar-plugin:2.4:jar (default-jar) @ SeleniumReport ---
[INFO] Building jar: D:\Selenium Software\seleniumReport\target\SeleniumReport-1.2.4.jar
[INFO] 
[INFO] --- maven-source-plugin:2.2.1:jar-no-fork (attach-sources) @ SeleniumReport ---
[INFO] No sources in project. Archive not created.
[INFO] 
[INFO] --- maven-javadoc-plugin:2.9.1:jar (attach-javadocs) @ SeleniumReport ---
[INFO] 
[INFO] --- maven-gpg-plugin:1.6:sign (sign-artifacts) @ SeleniumReport ---
gpg: AllowSetForegroundWindow(14160) failed: Access is denied.


[INFO] 
[INFO] --- maven-install-plugin:2.4:install (default-install) @ SeleniumReport ---
[INFO] Installing D:\Selenium Software\seleniumReport\target\SeleniumReport-1.2.4.jar to D:\Users\kumar\.m2\repository\com\github\sumankumar01\SeleniumReport\1.2.4\SeleniumReport-1.2.4.jar
[INFO] Installing D:\Selenium Software\seleniumReport\pom.xml to D:\Users\kumar\.m2\repository\com\github\sumankumar01\SeleniumReport\1.2.4\SeleniumReport-1.2.4.pom
[INFO] Installing D:\Selenium Software\seleniumReport\target\SeleniumReport-1.2.4.jar.asc to D:\Users\kumar\.m2\repository\com\github\sumankumar01\SeleniumReport\1.2.4\SeleniumReport-1.2.4.jar.asc
[INFO] Installing D:\Selenium Software\seleniumReport\target\SeleniumReport-1.2.4.pom.asc to D:\Users\kumar\.m2\repository\com\github\sumankumar01\SeleniumReport\1.2.4\SeleniumReport-1.2.4.pom.asc
[INFO] 
[INFO] --- nexus-staging-maven-plugin:1.6.7:deploy (injected-nexus-deploy) @ SeleniumReport ---
[INFO] Performing local staging (local stagingDirectory="D:\Selenium Software\seleniumReport\target\nexus-staging\staging")...
[INFO]  + Using server credentials "ossrh" from Maven settings.
[INFO]  * Connected to Nexus at https://oss.sonatype.org:443/, is version 2.14.18-01 and edition "Professional"
[INFO]  * Using staging profile ID "35834a224770d" (matched by Nexus).
[INFO] Installing D:\Selenium Software\seleniumReport\target\SeleniumReport-1.2.4.jar to D:\Selenium Software\seleniumReport\target\nexus-staging\staging\35834a224770d\com\github\sumankumar01\SeleniumReport\1.2.4\SeleniumReport-1.2.4.jar
[INFO] Installing D:\Selenium Software\seleniumReport\pom.xml to D:\Selenium Software\seleniumReport\target\nexus-staging\staging\35834a224770d\com\github\sumankumar01\SeleniumReport\1.2.4\SeleniumReport-1.2.4.pom
[INFO] Installing D:\Selenium Software\seleniumReport\target\SeleniumReport-1.2.4.jar.asc to D:\Selenium Software\seleniumReport\target\nexus-staging\staging\35834a224770d\com\github\sumankumar01\SeleniumReport\1.2.4\SeleniumReport-1.2.4.jar.asc
[INFO] Installing D:\Selenium Software\seleniumReport\target\SeleniumReport-1.2.4.pom.asc to D:\Selenium Software\seleniumReport\target\nexus-staging\staging\35834a224770d\com\github\sumankumar01\SeleniumReport\1.2.4\SeleniumReport-1.2.4.pom.asc
[INFO] Performing remote staging...
[INFO] 
[INFO]  * Remote staging into staging profile ID "35834a224770d"
[INFO]  * Created staging repository with ID "comgithubsumankumar01-1017".
[INFO]  * Staging repository at https://oss.sonatype.org:443/service/local/staging/deployByRepositoryId/comgithubsumankumar01-1017
[INFO]  * Uploading locally staged artifacts to profile com.github.sumankumar01
Uploading to ossrh: https://oss.sonatype.org:443/service/local/staging/deployByRepositoryId/comgithubsumankumar01-1017/com/github/sumankumar01/SeleniumReport/1.2.4/SeleniumReport-1.2.4.jar.asc
Progress (1): 499 B                   Uploaded to ossrh: https://oss.sonatype.org:443/service/local/staging/deployByRepositoryId/comgithubsumankumar01-1017/com/github/sumankumar01/SeleniumReport/1.2.4/SeleniumReport-1.2.4.jar.asc (499 B at 307 B/s)
Downloading from ossrh: https://oss.sonatype.org:443/service/local/staging/deployByRepositoryId/comgithubsumankumar01-1017/com/github/sumankumar01/SeleniumReport/maven-metadata.xml
Uploading to ossrh: https://oss.sonatype.org:443/service/local/staging/deployByRepositoryId/comgithubsumankumar01-1017/com/github/sumankumar01/SeleniumReport/maven-metadata.xml
Progress (1): 317 B                   Uploaded to ossrh: https://oss.sonatype.org:443/service/local/staging/deployByRepositoryId/comgithubsumankumar01-1017/com/github/sumankumar01/SeleniumReport/maven-metadata.xml (317 B at 143 B/s)
Uploading to ossrh: https://oss.sonatype.org:443/service/local/staging/deployByRepositoryId/comgithubsumankumar01-1017/com/github/sumankumar01/SeleniumReport/1.2.4/SeleniumReport-1.2.4.jar
Progress (1): 2.4 kB                    Uploaded to ossrh: https://oss.sonatype.org:443/service/local/staging/deployByRepositoryId/comgithubsumankumar01-1017/com/github/sumankumar01/SeleniumReport/1.2.4/SeleniumReport-1.2.4.jar (2.4 kB at 1.6 kB/s)
Uploading to ossrh: https://oss.sonatype.org:443/service/local/staging/deployByRepositoryId/comgithubsumankumar01-1017/com/github/sumankumar01/SeleniumReport/1.2.4/SeleniumReport-1.2.4.pom
Progress (1): 3.9 kB                    Uploaded to ossrh: https://oss.sonatype.org:443/service/local/staging/deployByRepositoryId/comgithubsumankumar01-1017/com/github/sumankumar01/SeleniumReport/1.2.4/SeleniumReport-1.2.4.pom (3.9 kB at 2.7 kB/s)
Uploading to ossrh: https://oss.sonatype.org:443/service/local/staging/deployByRepositoryId/comgithubsumankumar01-1017/com/github/sumankumar01/SeleniumReport/1.2.4/SeleniumReport-1.2.4.pom.asc
Progress (1): 499 B                   Uploaded to ossrh: https://oss.sonatype.org:443/service/local/staging/deployByRepositoryId/comgithubsumankumar01-1017/com/github/sumankumar01/SeleniumReport/1.2.4/SeleniumReport-1.2.4.pom.asc (499 B at 994 B/s)
[INFO]  * Upload of locally staged artifacts finished.
[INFO]  * Closing staging repository with ID "comgithubsumankumar01-1017".

Waiting for operation to complete...
..............

[ERROR] Rule failure while trying to close staging repository with ID "comgithubsumankumar01-1017".
[ERROR] 
[ERROR] Nexus Staging Rules Failure Report
[ERROR] ==================================
[ERROR] 
[ERROR] Repository "comgithubsumankumar01-1017" failures
[ERROR]   Rule "signature-staging" failures
[ERROR]     * No public key: Key with id: (4eeb9ce894a26937) was not able to be located on &lt;a href=http://keyserver.ubuntu.com:11371/&gt;http://keyserver.ubuntu.com:11371/&lt;/a&gt;. Upload your public key and try the operation again.
[ERROR]     * No public key: Key with id: (4eeb9ce894a26937) was not able to be located on &lt;a href=http://keys.openpgp.org:11371/&gt;http://keys.openpgp.org:11371/&lt;/a&gt;. Upload your public key and try the operation again.
[ERROR]     * No public key: Key with id: (4eeb9ce894a26937) was not able to be located on &lt;a href=http://pool.sks-keyservers.net:11371/&gt;http://pool.sks-keyservers.net:11371/&lt;/a&gt;. Upload your public key and try the operation again.
[ERROR]     * No public key: Key with id: (4eeb9ce894a26937) was not able to be located on &lt;a href=http://keyserver.ubuntu.com:11371/&gt;http://keyserver.ubuntu.com:11371/&lt;/a&gt;. Upload your public key and try the operation again.
[ERROR]     * No public key: Key with id: (4eeb9ce894a26937) was not able to be located on &lt;a href=http://keys.openpgp.org:11371/&gt;http://keys.openpgp.org:11371/&lt;/a&gt;. Upload your public key and try the operation again.
[ERROR]     * No public key: Key with id: (4eeb9ce894a26937) was not able to be located on &lt;a href=http://pool.sks-keyservers.net:11371/&gt;http://pool.sks-keyservers.net:11371/&lt;/a&gt;. Upload your public key and try the operation again.
[ERROR] 
[ERROR] 
[ERROR] Cleaning up local stage directory after a Rule failure during close of staging repositories: [comgithubsumankumar01-1017]
[ERROR]  * Deleting context 35834a224770d.properties
[ERROR] Cleaning up remote stage repositories after a Rule failure during close of staging repositories: [comgithubsumankumar01-1017]
[ERROR]  * Dropping failed staging repository with ID "comgithubsumankumar01-1017" (Rule failure during close of staging repositories: [comgithubsumankumar01-1017]).

Waiting for operation to complete...
...

[ERROR] Remote staging finished with a failure: Staging rules failure!
[INFO] ------------------------------------------------------------------------
[INFO] BUILD FAILURE
[INFO] ------------------------------------------------------------------------
[INFO] Total time:  02:08 min
[INFO] Finished at: 2020-08-11T11:27:18+05:30
[INFO] ------------------------------------------------------------------------
[WARNING] The requested profile "release" could not be activated because it does not exist.
[ERROR] Failed to execute goal org.sonatype.plugins:nexus-staging-maven-plugin:1.6.7:deploy (injected-nexus-deploy) on project SeleniumReport: Remote staging failed: Staging rules failure! -> [Help 1]
[ERROR] 
[ERROR] To see the full stack trace of the errors, re-run Maven with the -e switch.
[ERROR] Re-run Maven using the -X switch to enable full debug logging.
[ERROR] 
[ERROR] For more information about the errors and possible solutions, please read the following articles:
[ERROR] [Help 1] http://cwiki.apache.org/confluence/display/MAVEN/MojoExecutionException
